<?xml version="1.0" encoding="UTF-8"?>
<!-- Generated by org.testng.reporters.JUnitReportReporter -->
<testsuite hostname="HP" failures="0" tests="2" name="com.dcpl.testcase.ReceiveParcelTest" time="41.115" errors="0" timestamp="2024-01-29T15:32:44 IST" skipped="0">
  <testcase classname="com.dcpl.testcase.ReceiveParcelTest" name="createReceiveParcelForMaterialTypeLooseStones" time="20.571"/>
  <system-out/>
  <testcase classname="com.dcpl.testcase.ReceiveParcelTest" name="createReceiveParcelForMaterialTypeAccessory" time="20.544"/>
  <system-out/>
</testsuite> <!-- com.dcpl.testcase.ReceiveParcelTest -->
