<?xml version="1.0" encoding="UTF-8"?>
<!-- Generated by org.testng.reporters.JUnitReportReporter -->
<testsuite hostname="HP" failures="0" tests="1" name="com.dcpl.testcase.OELoginPageTest" time="20.957" errors="0" timestamp="2023-12-13T18:50:33 IST" skipped="0">
  <testcase classname="com.dcpl.testcase.OELoginPageTest" name="OELoginTest" time="20.957"/>
  <system-out/>
</testsuite> <!-- com.dcpl.testcase.OELoginPageTest -->
