<?xml version="1.0" encoding="UTF-8"?>
<!-- Generated by org.testng.reporters.JUnitReportReporter -->
<testsuite hostname="HP" failures="0" tests="2" name="com.dcpl.testcase.GoodsReceiptVocuherTest" time="52.499" errors="0" timestamp="2024-01-20T12:43:48 IST" skipped="1">
  <testcase classname="com.dcpl.testcase.GoodsReceiptVocuherTest" name="createGRVForSubContractVendorRefTypeFinishedGoodSegmentPlatinum" time="28.199"/>
  <system-out/>
  <testcase classname="com.dcpl.testcase.GoodsReceiptVocuherTest" name="createGRVForSubContractVendorRefTypeFinishedGoodSegmentPlatinum" time="24.300">
    <skipped/>
  </testcase> <!-- createGRVForSubContractVendorRefTypeFinishedGoodSegmentPlatinum -->
  <system-out/>
</testsuite> <!-- com.dcpl.testcase.GoodsReceiptVocuherTest -->
