<?xml version="1.0" encoding="UTF-8"?>
<!-- Generated by org.testng.reporters.JUnitReportReporter -->
<testsuite hostname="HP" failures="0" tests="1" name="com.dcpl.testcase.PSQTargetTest" time="30.946" errors="0" timestamp="2023-08-03T13:20:57 IST" skipped="0">
  <testcase classname="com.dcpl.testcase.PSQTargetTest" name="createPSQTarget" time="30.946"/>
  <system-out/>
</testsuite> <!-- com.dcpl.testcase.PSQTargetTest -->
