<?xml version="1.0" encoding="UTF-8"?>
<!-- Generated by org.testng.reporters.JUnitReportReporter -->
<testsuite skipped="0" hostname="HP" name="com.dcpl.testcase.PSQFloorPercentageTest" tests="3" failures="0" timestamp="2023-07-05T18:11:51 IST" time="106.013" errors="0">
  <testcase name="createFloorPercentage" time="35.474" classname="com.dcpl.testcase.PSQFloorPercentageTest"/>
  <system-out/>
  <testcase name="searchFloorPercentage" time="31.565" classname="com.dcpl.testcase.PSQFloorPercentageTest"/>
  <system-out/>
  <testcase name="deleteFloorPercentage" time="38.974" classname="com.dcpl.testcase.PSQFloorPercentageTest"/>
  <system-out/>
</testsuite> <!-- com.dcpl.testcase.PSQFloorPercentageTest -->
