<?xml version="1.0" encoding="UTF-8"?>
<!-- Generated by org.testng.reporters.JUnitReportReporter -->
<testsuite skipped="0" hostname="HP" name="com.dcpl.testcase.FloorPercentageCreateTest" tests="1" failures="0" timestamp="2023-06-27T15:39:38 IST" time="23.470" errors="0">
  <testcase name="createFloorPercentage" time="23.470" classname="com.dcpl.testcase.FloorPercentageCreateTest"/>
  <system-out/>
</testsuite> <!-- com.dcpl.testcase.FloorPercentageCreateTest -->
