<?xml version="1.0" encoding="UTF-8"?>
<!-- Generated by org.testng.reporters.JUnitReportReporter -->
<testsuite hostname="HP" failures="0" tests="1" name="com.dcpl.testcase.ReceiveParcelTest" time="20.998" errors="0" timestamp="2023-12-16T10:54:53 IST" skipped="0">
  <testcase classname="com.dcpl.testcase.ReceiveParcelTest" name="createReceiveParcel" time="20.998"/>
  <system-out/>
</testsuite> <!-- com.dcpl.testcase.ReceiveParcelTest -->
