<?xml version="1.0" encoding="UTF-8"?>
<!-- Generated by org.testng.reporters.JUnitReportReporter -->
<testsuite skipped="0" hostname="HP" name="com.dcpl.testcase.OELoginPageTest" tests="1" failures="0" timestamp="2023-06-27T12:12:06 IST" time="13.029" errors="0">
  <testcase name="OELoginTest" time="13.029" classname="com.dcpl.testcase.OELoginPageTest"/>
  <system-out/>
</testsuite> <!-- com.dcpl.testcase.OELoginPageTest -->
