<?xml version="1.0" encoding="UTF-8"?>
<!-- Generated by org.testng.reporters.JUnitReportReporter -->
<testsuite skipped="0" hostname="HP" name="com.dcpl.testcase.ReleaseOrderPageTest" tests="5" failures="0" timestamp="2023-06-28T10:48:17 IST" time="63.703" errors="0">
  <testcase name="verifyReleaseOrderByOrderType" time="8.773" classname="com.dcpl.testcase.ReleaseOrderPageTest"/>
  <system-out/>
  <testcase name="verifyReleaseOrderByVendor" time="10.669" classname="com.dcpl.testcase.ReleaseOrderPageTest"/>
  <system-out/>
  <testcase name="verifyReleaseOrderBySegment" time="14.819" classname="com.dcpl.testcase.ReleaseOrderPageTest"/>
  <system-out/>
  <testcase name="verifyReleaseOrderByOrderKind" time="11.144" classname="com.dcpl.testcase.ReleaseOrderPageTest"/>
  <system-out/>
  <testcase name="verifyReleaseOrdersSearchGridColumnHeaders" time="18.298" classname="com.dcpl.testcase.ReleaseOrderPageTest"/>
  <system-out/>
</testsuite> <!-- com.dcpl.testcase.ReleaseOrderPageTest -->
